<?xml version="1.0" encoding="UTF-8"?>
<!-- Generated by org.testng.reporters.JUnitReportReporter -->
<testsuite skipped="0" hostname="DESKTOP-J06LTV8" name="com.training.sanity.tests.LoginTests" tests="1" failures="0" timestamp="2020-08-24T21:33:54 IST" time="25.387" errors="0">
  <testcase name="validLoginTest" time="25.387" classname="com.training.sanity.tests.LoginTests"/>
  <system-out/>
</testsuite> <!-- com.training.sanity.tests.LoginTests -->
