<?xml version="1.0" encoding="UTF-8"?>
<!-- Generated by org.testng.reporters.JUnitReportReporter -->
<testsuite skipped="0" hostname="DESKTOP-J06LTV8" name="com.training.sanity.tests.RTTC_003" tests="1" failures="0" timestamp="2020-08-24T21:34:42 IST" time="33.226" errors="0">
  <testcase name="forgotPasswordTest" time="33.226" classname="com.training.sanity.tests.RTTC_003"/>
  <system-out/>
</testsuite> <!-- com.training.sanity.tests.RTTC_003 -->
