<?xml version="1.0" encoding="UTF-8"?>
<!-- Generated by org.testng.reporters.JUnitReportReporter -->
<testsuite skipped="0" hostname="DESKTOP-J06LTV8" name="com.training.sanity.tests.RTTC_001" tests="1" failures="0" timestamp="2020-08-24T21:35:44 IST" time="33.979" errors="0">
  <testcase name="validRegisterTest" time="33.979" classname="com.training.sanity.tests.RTTC_001"/>
  <system-out/>
</testsuite> <!-- com.training.sanity.tests.RTTC_001 -->
